<?xml version="1.0" encoding="UTF-8"?>
<testsuite xmlns:xsi="http://www.w3.org/2001/XMLSchema-instance" xsi:noNamespaceSchemaLocation="https://maven.apache.org/surefire/maven-surefire-plugin/xsd/surefire-test-report.xsd" name="com.example.OrderedTests" time="0.012" tests="3" errors="0" skipped="0" failures="0">
  <properties>
[...]
</properties>
  <testcase name="testFirst" classname="com.example.OrderedTests" time="0"/>
  <testcase name="testSecond" classname="com.example.OrderedTests" time="0.001"/>
  <testcase name="testThird" classname="com.example.OrderedTests" time="0.007"/>
</testsuite>